Arguments: 
  /Users/jonasnicklas/.nodenv/versions/12.10.0/bin/node /usr/local/Cellar/yarn/1.21.1/libexec/bin/yarn.js

PATH: 
  /Users/jonasnicklas/.nodenv/versions/12.10.0/bin:/usr/local/Cellar/nodenv/1.3.0/libexec:/Users/jonasnicklas/.nodenv/shims:/Users/jonasnicklas/.rbenv/shims:/Users/jonasnicklas/.rbenv/bin:/Users/jonasnicklas/bin:/usr/local/bin:/Users/jonasnicklas/.cargo/bin:/usr/local/bin:/usr/bin:/bin:/usr/sbin:/sbin:/Users/jonasnicklas/.rbenv/versions/2.6.2/bin:/usr/local/Cellar/rbenv/1.1.2/libexec:/Users/jonasnicklas/.nodenv/shims:/Users/jonasnicklas/.rbenv/shims:/Users/jonasnicklas/.rbenv/bin:/Users/jonasnicklas/bin:/Users/jonasnicklas/.cargo/bin:/Users/jonasnicklas/.cargo/bin

Yarn version: 
  1.21.1

Node version: 
  12.10.0

Platform: 
  darwin x64

Trace: 
  SyntaxError: /Users/jonasnicklas/Projects/mini-effection/package.json: Unexpected string in JSON at position 95
      at JSON.parse (<anonymous>)
      at /usr/local/Cellar/yarn/1.21.1/libexec/lib/cli.js:1625:59
      at Generator.next (<anonymous>)
      at step (/usr/local/Cellar/yarn/1.21.1/libexec/lib/cli.js:310:30)
      at /usr/local/Cellar/yarn/1.21.1/libexec/lib/cli.js:321:13

npm manifest: 
  {
    "name": "mini-effection",
    "version": "1.0.0",
    "main": "index.js",
    "license": "MIT"
    "scripts": {
      "lint": "eslint '{src,bin,test}/**/*.ts'",
      "test": "mocha -r ts-node/register test/**/*.test.ts",
      "mocha": "mocha -r ts-node/register",
      "prepack": "tsc --project tsconfig.dist.json --outdir dist --module commonjs --sourcemap --declaration"
    }
  }

yarn manifest: 
  No manifest

Lockfile: 
  No lockfile
